<?xml version="1.0" encoding="UTF-8"?>
<!-- Generated by org.testng.reporters.JUnitReportReporter -->
<testsuite skipped="0" hostname="Harshith" name="com.testscripts.BookRoundTripTicket" tests="1" failures="0" timestamp="2021-09-26T20:09:39 IST" time="3.307" errors="0">
  <testcase name="bookRoundTripTicket" time="3.307" classname="com.testscripts.BookRoundTripTicket"/>
  <system-out/>
</testsuite> <!-- com.testscripts.BookRoundTripTicket -->
